Maximum iterations [100-4000]?
---------- Iteration number: 100 ------------
[995,995]:  0.00  [996,996]:  0.00  [997,997]:  0.00  [998,998]:  0.00  [999,999]:  0.00  [1000,1000]:  0.00  
---------- Iteration number: 200 ------------
[995,995]:  0.00  [996,996]:  0.00  [997,997]:  0.00  [998,998]:  0.00  [999,999]:  0.00  [1000,1000]:  0.00  
---------- Iteration number: 300 ------------
[995,995]:  0.00  [996,996]:  0.00  [997,997]:  0.00  [998,998]:  0.00  [999,999]:  0.00  [1000,1000]:  0.00  
---------- Iteration number: 400 ------------
[995,995]:  0.00  [996,996]:  0.00  [997,997]:  0.00  [998,998]:  0.00  [999,999]:  0.00  [1000,1000]:  0.00  
---------- Iteration number: 500 ------------
[995,995]:  0.00  [996,996]:  0.00  [997,997]:  0.00  [998,998]:  0.00  [999,999]:  0.00  [1000,1000]:  0.00  
---------- Iteration number: 600 ------------
[995,995]:  0.00  [996,996]:  0.00  [997,997]:  0.00  [998,998]:  0.00  [999,999]:  0.00  [1000,1000]:  0.00  
---------- Iteration number: 700 ------------
[995,995]:  0.00  [996,996]:  0.00  [997,997]:  0.00  [998,998]:  0.00  [999,999]:  0.00  [1000,1000]:  0.00  
---------- Iteration number: 800 ------------
[995,995]:  0.00  [996,996]:  0.00  [997,997]:  0.00  [998,998]:  0.00  [999,999]:  0.00  [1000,1000]:  0.00  
---------- Iteration number: 900 ------------
[995,995]:  0.00  [996,996]:  0.00  [997,997]:  0.00  [998,998]:  0.00  [999,999]:  0.00  [1000,1000]:  0.00  
---------- Iteration number: 1000 ------------
[995,995]:  0.00  [996,996]:  0.00  [997,997]:  0.00  [998,998]:  0.00  [999,999]:  0.00  [1000,1000]:  0.00  
---------- Iteration number: 1100 ------------
[995,995]:  0.00  [996,996]:  0.00  [997,997]:  0.00  [998,998]:  0.00  [999,999]:  0.00  [1000,1000]:  0.00  
---------- Iteration number: 1200 ------------
[995,995]:  0.00  [996,996]:  0.00  [997,997]:  0.00  [998,998]:  0.00  [999,999]:  0.00  [1000,1000]:  0.00  
---------- Iteration number: 1300 ------------
[995,995]:  0.00  [996,996]:  0.00  [997,997]:  0.00  [998,998]:  0.00  [999,999]:  0.00  [1000,1000]:  0.00  
---------- Iteration number: 1400 ------------
[995,995]:  0.00  [996,996]:  0.00  [997,997]:  0.00  [998,998]:  0.00  [999,999]:  0.00  [1000,1000]:  0.00  
---------- Iteration number: 1500 ------------
[995,995]:  0.00  [996,996]:  0.00  [997,997]:  0.00  [998,998]:  0.00  [999,999]:  0.00  [1000,1000]:  0.00  
---------- Iteration number: 1600 ------------
[995,995]:  0.00  [996,996]:  0.00  [997,997]:  0.00  [998,998]:  0.00  [999,999]:  0.00  [1000,1000]:  0.00  
---------- Iteration number: 1700 ------------
[995,995]:  0.00  [996,996]:  0.00  [997,997]:  0.00  [998,998]:  0.00  [999,999]:  0.00  [1000,1000]:  0.00  
---------- Iteration number: 1800 ------------
[995,995]:  0.00  [996,996]:  0.00  [997,997]:  0.00  [998,998]:  0.00  [999,999]:  0.00  [1000,1000]:  0.00  
---------- Iteration number: 1900 ------------
[995,995]:  0.00  [996,996]:  0.00  [997,997]:  0.00  [998,998]:  0.00  [999,999]:  0.00  [1000,1000]:  0.00  
---------- Iteration number: 2000 ------------
[995,995]:  0.00  [996,996]:  0.00  [997,997]:  0.00  [998,998]:  0.00  [999,999]:  0.00  [1000,1000]:  0.00  
---------- Iteration number: 2100 ------------
[995,995]:  0.00  [996,996]:  0.00  [997,997]:  0.00  [998,998]:  0.00  [999,999]:  0.00  [1000,1000]:  0.00  
---------- Iteration number: 2200 ------------
[995,995]:  0.00  [996,996]:  0.00  [997,997]:  0.00  [998,998]:  0.00  [999,999]:  0.00  [1000,1000]:  0.00  
---------- Iteration number: 2300 ------------
[995,995]:  0.00  [996,996]:  0.00  [997,997]:  0.00  [998,998]:  0.00  [999,999]:  0.00  [1000,1000]:  0.00  
---------- Iteration number: 2400 ------------
[995,995]:  0.00  [996,996]:  0.00  [997,997]:  0.00  [998,998]:  0.00  [999,999]:  0.00  [1000,1000]:  0.00  
---------- Iteration number: 2500 ------------
[995,995]:  0.00  [996,996]:  0.00  [997,997]:  0.00  [998,998]:  0.00  [999,999]:  0.00  [1000,1000]:  0.00  
---------- Iteration number: 2600 ------------
[995,995]:  0.00  [996,996]:  0.00  [997,997]:  0.00  [998,998]:  0.00  [999,999]:  0.00  [1000,1000]:  0.00  
---------- Iteration number: 2700 ------------
[995,995]:  0.00  [996,996]:  0.00  [997,997]:  0.00  [998,998]:  0.00  [999,999]:  0.00  [1000,1000]:  0.00  
---------- Iteration number: 2800 ------------
[995,995]:  0.00  [996,996]:  0.00  [997,997]:  0.00  [998,998]:  0.00  [999,999]:  0.00  [1000,1000]:  0.00  
---------- Iteration number: 2900 ------------
[995,995]:  0.00  [996,996]:  0.00  [997,997]:  0.00  [998,998]:  0.00  [999,999]:  0.00  [1000,1000]:  0.00  
---------- Iteration number: 3000 ------------
[995,995]:  0.00  [996,996]:  0.00  [997,997]:  0.00  [998,998]:  0.00  [999,999]:  0.00  [1000,1000]:  0.00  
---------- Iteration number: 3100 ------------
[995,995]:  0.00  [996,996]:  0.00  [997,997]:  0.00  [998,998]:  0.00  [999,999]:  0.00  [1000,1000]:  0.00  
---------- Iteration number: 3200 ------------
[995,995]:  0.00  [996,996]:  0.00  [997,997]:  0.00  [998,998]:  0.00  [999,999]:  0.00  [1000,1000]:  0.00  
---------- Iteration number: 3300 ------------
[995,995]:  0.00  [996,996]:  0.00  [997,997]:  0.00  [998,998]:  0.00  [999,999]:  0.00  [1000,1000]:  0.00  

Max error at iteration 3372 was 0.009995
Total time was 1.896786 seconds.

Accelerator Kernel Timing data
/home/jboyer/day2/OpenACC/laplace_attempt_acc.c
  main  NVIDIA  devicenum=0
    time(us): 1,078,781
    59: data region reached 2 times
        59: data copyin transfers: 2
             device time(us): total=1,778 max=1,078 min=700 avg=889
    64: compute region reached 3372 times
        66: kernel launched 3372 times
            grid: [32x250]  block: [32x4]
             device time(us): total=396,401 max=124 min=116 avg=117
            elapsed time(us): total=475,737 max=526 min=138 avg=141
    75: compute region reached 3372 times
        75: data copyin transfers: 3372
             device time(us): total=16,837 max=37 min=4 avg=4
        77: kernel launched 3372 times
            grid: [32x250]  block: [32x4]
             device time(us): total=544,886 max=174 min=149 avg=161
            elapsed time(us): total=614,640 max=373 min=168 avg=182
        77: reduction kernel launched 3372 times
            grid: [1]  block: [256]
             device time(us): total=64,943 max=27 min=19 avg=19
            elapsed time(us): total=132,401 max=523 min=37 avg=39
        77: data copyout transfers: 3372
             device time(us): total=53,936 max=30 min=12 avg=15
