Maximum iterations [100-4000]?
---------- Iteration number: 100 ------------
[995,995]:  0.00  [996,996]:  0.00  [997,997]:  0.00  [998,998]:  0.00  [999,999]:  0.00  [1000,1000]:  0.00  
---------- Iteration number: 200 ------------
[995,995]:  0.00  [996,996]:  0.00  [997,997]:  0.00  [998,998]:  0.00  [999,999]:  0.00  [1000,1000]:  0.00  
---------- Iteration number: 300 ------------
[995,995]:  0.00  [996,996]:  0.00  [997,997]:  0.00  [998,998]:  0.00  [999,999]:  0.00  [1000,1000]:  0.00  
---------- Iteration number: 400 ------------
[995,995]:  0.00  [996,996]:  0.00  [997,997]:  0.00  [998,998]:  0.00  [999,999]:  0.00  [1000,1000]:  0.00  
---------- Iteration number: 500 ------------
[995,995]:  0.00  [996,996]:  0.00  [997,997]:  0.00  [998,998]:  0.00  [999,999]:  0.00  [1000,1000]:  0.00  
---------- Iteration number: 600 ------------
[995,995]:  0.00  [996,996]:  0.00  [997,997]:  0.00  [998,998]:  0.00  [999,999]:  0.00  [1000,1000]:  0.00  
---------- Iteration number: 700 ------------
[995,995]:  0.00  [996,996]:  0.00  [997,997]:  0.00  [998,998]:  0.00  [999,999]:  0.00  [1000,1000]:  0.00  
---------- Iteration number: 800 ------------
[995,995]:  0.00  [996,996]:  0.00  [997,997]:  0.00  [998,998]:  0.00  [999,999]:  0.00  [1000,1000]:  0.00  
---------- Iteration number: 900 ------------
[995,995]:  0.00  [996,996]:  0.00  [997,997]:  0.00  [998,998]:  0.00  [999,999]:  0.00  [1000,1000]:  0.00  
---------- Iteration number: 1000 ------------
[995,995]:  0.00  [996,996]:  0.00  [997,997]:  0.00  [998,998]:  0.00  [999,999]:  0.00  [1000,1000]:  0.00  
---------- Iteration number: 1100 ------------
[995,995]:  0.00  [996,996]:  0.00  [997,997]:  0.00  [998,998]:  0.00  [999,999]:  0.00  [1000,1000]:  0.00  
---------- Iteration number: 1200 ------------
[995,995]:  0.00  [996,996]:  0.00  [997,997]:  0.00  [998,998]:  0.00  [999,999]:  0.00  [1000,1000]:  0.00  
---------- Iteration number: 1300 ------------
[995,995]:  0.00  [996,996]:  0.00  [997,997]:  0.00  [998,998]:  0.00  [999,999]:  0.00  [1000,1000]:  0.00  
---------- Iteration number: 1400 ------------
[995,995]:  0.00  [996,996]:  0.00  [997,997]:  0.00  [998,998]:  0.00  [999,999]:  0.00  [1000,1000]:  0.00  
---------- Iteration number: 1500 ------------
[995,995]:  0.00  [996,996]:  0.00  [997,997]:  0.00  [998,998]:  0.00  [999,999]:  0.00  [1000,1000]:  0.00  
---------- Iteration number: 1600 ------------
[995,995]:  0.00  [996,996]:  0.00  [997,997]:  0.00  [998,998]:  0.00  [999,999]:  0.00  [1000,1000]:  0.00  
---------- Iteration number: 1700 ------------
[995,995]:  0.00  [996,996]:  0.00  [997,997]:  0.00  [998,998]:  0.00  [999,999]:  0.00  [1000,1000]:  0.00  
---------- Iteration number: 1800 ------------
[995,995]:  0.00  [996,996]:  0.00  [997,997]:  0.00  [998,998]:  0.00  [999,999]:  0.00  [1000,1000]:  0.00  
---------- Iteration number: 1900 ------------
[995,995]:  0.00  [996,996]:  0.00  [997,997]:  0.00  [998,998]:  0.00  [999,999]:  0.00  [1000,1000]:  0.00  
---------- Iteration number: 2000 ------------
[995,995]:  0.00  [996,996]:  0.00  [997,997]:  0.00  [998,998]:  0.00  [999,999]:  0.00  [1000,1000]:  0.00  
---------- Iteration number: 2100 ------------
[995,995]:  0.00  [996,996]:  0.00  [997,997]:  0.00  [998,998]:  0.00  [999,999]:  0.00  [1000,1000]:  0.00  
---------- Iteration number: 2200 ------------
[995,995]:  0.00  [996,996]:  0.00  [997,997]:  0.00  [998,998]:  0.00  [999,999]:  0.00  [1000,1000]:  0.00  
---------- Iteration number: 2300 ------------
[995,995]:  0.00  [996,996]:  0.00  [997,997]:  0.00  [998,998]:  0.00  [999,999]:  0.00  [1000,1000]:  0.00  
---------- Iteration number: 2400 ------------
[995,995]:  0.00  [996,996]:  0.00  [997,997]:  0.00  [998,998]:  0.00  [999,999]:  0.00  [1000,1000]:  0.00  
---------- Iteration number: 2500 ------------
[995,995]:  0.00  [996,996]:  0.00  [997,997]:  0.00  [998,998]:  0.00  [999,999]:  0.00  [1000,1000]:  0.00  
---------- Iteration number: 2600 ------------
[995,995]:  0.00  [996,996]:  0.00  [997,997]:  0.00  [998,998]:  0.00  [999,999]:  0.00  [1000,1000]:  0.00  
---------- Iteration number: 2700 ------------
[995,995]:  0.00  [996,996]:  0.00  [997,997]:  0.00  [998,998]:  0.00  [999,999]:  0.00  [1000,1000]:  0.00  
---------- Iteration number: 2800 ------------
[995,995]:  0.00  [996,996]:  0.00  [997,997]:  0.00  [998,998]:  0.00  [999,999]:  0.00  [1000,1000]:  0.00  
---------- Iteration number: 2900 ------------
[995,995]:  0.00  [996,996]:  0.00  [997,997]:  0.00  [998,998]:  0.00  [999,999]:  0.00  [1000,1000]:  0.00  
---------- Iteration number: 3000 ------------
[995,995]:  0.00  [996,996]:  0.00  [997,997]:  0.00  [998,998]:  0.00  [999,999]:  0.00  [1000,1000]:  0.00  
---------- Iteration number: 3100 ------------
[995,995]:  0.00  [996,996]:  0.00  [997,997]:  0.00  [998,998]:  0.00  [999,999]:  0.00  [1000,1000]:  0.00  
---------- Iteration number: 3200 ------------
[995,995]:  0.00  [996,996]:  0.00  [997,997]:  0.00  [998,998]:  0.00  [999,999]:  0.00  [1000,1000]:  0.00  
---------- Iteration number: 3300 ------------
[995,995]:  0.00  [996,996]:  0.00  [997,997]:  0.00  [998,998]:  0.00  [999,999]:  0.00  [1000,1000]:  0.00  

Max error at iteration 3372 was 0.009995
Total time was 2.494167 seconds.

Accelerator Kernel Timing data
/home/jboyer/day2/OpenACC/laplace_attempt_acc.c
  main  NVIDIA  devicenum=0
    time(us): 1,078,402
    59: data region reached 2 times
        59: data copyin transfers: 2
             device time(us): total=1,406 max=707 min=699 avg=703
        92: data copyout transfers: 2
             device time(us): total=1,456 max=742 min=714 avg=728
    64: compute region reached 3372 times
        66: kernel launched 3372 times
            grid: [32x250]  block: [32x4]
             device time(us): total=397,509 max=142 min=116 avg=117
            elapsed time(us): total=485,667 max=1,388 min=135 avg=144
    75: compute region reached 3372 times
        75: data copyin transfers: 3372
             device time(us): total=14,081 max=58 min=3 avg=4
        77: kernel launched 3372 times
            grid: [32x250]  block: [32x4]
             device time(us): total=545,379 max=186 min=149 avg=161
            elapsed time(us): total=630,119 max=1,608 min=167 avg=186
        77: reduction kernel launched 3372 times
            grid: [1]  block: [256]
             device time(us): total=65,683 max=45 min=19 avg=19
            elapsed time(us): total=139,993 max=1,361 min=35 avg=41
        77: data copyout transfers: 3372
             device time(us): total=52,888 max=1,225 min=11 avg=15
