Maximum iterations [100-4000]?
---------- Iteration number: 100 ------------
[995,995]:  0.00  [996,996]:  0.00  [997,997]:  0.00  [998,998]:  0.00  [999,999]:  0.00  [1000,1000]:  0.00  
---------- Iteration number: 200 ------------
[995,995]:  0.00  [996,996]:  0.00  [997,997]:  0.00  [998,998]:  0.00  [999,999]:  0.00  [1000,1000]:  0.00  
---------- Iteration number: 300 ------------
[995,995]:  0.00  [996,996]:  0.00  [997,997]:  0.00  [998,998]:  0.00  [999,999]:  0.00  [1000,1000]:  0.00  
---------- Iteration number: 400 ------------
[995,995]:  0.00  [996,996]:  0.00  [997,997]:  0.00  [998,998]:  0.00  [999,999]:  0.00  [1000,1000]:  0.00  
---------- Iteration number: 500 ------------
[995,995]:  0.00  [996,996]:  0.00  [997,997]:  0.00  [998,998]:  0.00  [999,999]:  0.00  [1000,1000]:  0.00  
---------- Iteration number: 600 ------------
[995,995]:  0.00  [996,996]:  0.00  [997,997]:  0.00  [998,998]:  0.00  [999,999]:  0.00  [1000,1000]:  0.00  
---------- Iteration number: 700 ------------
[995,995]:  0.00  [996,996]:  0.00  [997,997]:  0.00  [998,998]:  0.00  [999,999]:  0.00  [1000,1000]:  0.00  
---------- Iteration number: 800 ------------
[995,995]:  0.00  [996,996]:  0.00  [997,997]:  0.00  [998,998]:  0.00  [999,999]:  0.00  [1000,1000]:  0.00  
---------- Iteration number: 900 ------------
[995,995]:  0.00  [996,996]:  0.00  [997,997]:  0.00  [998,998]:  0.00  [999,999]:  0.00  [1000,1000]:  0.00  
---------- Iteration number: 1000 ------------
[995,995]:  0.00  [996,996]:  0.00  [997,997]:  0.00  [998,998]:  0.00  [999,999]:  0.00  [1000,1000]:  0.00  
---------- Iteration number: 1100 ------------
[995,995]:  0.00  [996,996]:  0.00  [997,997]:  0.00  [998,998]:  0.00  [999,999]:  0.00  [1000,1000]:  0.00  
---------- Iteration number: 1200 ------------
[995,995]:  0.00  [996,996]:  0.00  [997,997]:  0.00  [998,998]:  0.00  [999,999]:  0.00  [1000,1000]:  0.00  
---------- Iteration number: 1300 ------------
[995,995]:  0.00  [996,996]:  0.00  [997,997]:  0.00  [998,998]:  0.00  [999,999]:  0.00  [1000,1000]:  0.00  
---------- Iteration number: 1400 ------------
[995,995]:  0.00  [996,996]:  0.00  [997,997]:  0.00  [998,998]:  0.00  [999,999]:  0.00  [1000,1000]:  0.00  
---------- Iteration number: 1500 ------------
[995,995]:  0.00  [996,996]:  0.00  [997,997]:  0.00  [998,998]:  0.00  [999,999]:  0.00  [1000,1000]:  0.00  
---------- Iteration number: 1600 ------------
[995,995]:  0.00  [996,996]:  0.00  [997,997]:  0.00  [998,998]:  0.00  [999,999]:  0.00  [1000,1000]:  0.00  
---------- Iteration number: 1700 ------------
[995,995]:  0.00  [996,996]:  0.00  [997,997]:  0.00  [998,998]:  0.00  [999,999]:  0.00  [1000,1000]:  0.00  
---------- Iteration number: 1800 ------------
[995,995]:  0.00  [996,996]:  0.00  [997,997]:  0.00  [998,998]:  0.00  [999,999]:  0.00  [1000,1000]:  0.00  
---------- Iteration number: 1900 ------------
[995,995]:  0.00  [996,996]:  0.00  [997,997]:  0.00  [998,998]:  0.00  [999,999]:  0.00  [1000,1000]:  0.00  
---------- Iteration number: 2000 ------------
[995,995]:  0.00  [996,996]:  0.00  [997,997]:  0.00  [998,998]:  0.00  [999,999]:  0.00  [1000,1000]:  0.00  
---------- Iteration number: 2100 ------------
[995,995]:  0.00  [996,996]:  0.00  [997,997]:  0.00  [998,998]:  0.00  [999,999]:  0.00  [1000,1000]:  0.00  
---------- Iteration number: 2200 ------------
[995,995]:  0.00  [996,996]:  0.00  [997,997]:  0.00  [998,998]:  0.00  [999,999]:  0.00  [1000,1000]:  0.00  
---------- Iteration number: 2300 ------------
[995,995]:  0.00  [996,996]:  0.00  [997,997]:  0.00  [998,998]:  0.00  [999,999]:  0.00  [1000,1000]:  0.00  
---------- Iteration number: 2400 ------------
[995,995]:  0.00  [996,996]:  0.00  [997,997]:  0.00  [998,998]:  0.00  [999,999]:  0.00  [1000,1000]:  0.00  
---------- Iteration number: 2500 ------------
[995,995]:  0.00  [996,996]:  0.00  [997,997]:  0.00  [998,998]:  0.00  [999,999]:  0.00  [1000,1000]:  0.00  
---------- Iteration number: 2600 ------------
[995,995]:  0.00  [996,996]:  0.00  [997,997]:  0.00  [998,998]:  0.00  [999,999]:  0.00  [1000,1000]:  0.00  
---------- Iteration number: 2700 ------------
[995,995]:  0.00  [996,996]:  0.00  [997,997]:  0.00  [998,998]:  0.00  [999,999]:  0.00  [1000,1000]:  0.00  
---------- Iteration number: 2800 ------------
[995,995]:  0.00  [996,996]:  0.00  [997,997]:  0.00  [998,998]:  0.00  [999,999]:  0.00  [1000,1000]:  0.00  
---------- Iteration number: 2900 ------------
[995,995]:  0.00  [996,996]:  0.00  [997,997]:  0.00  [998,998]:  0.00  [999,999]:  0.00  [1000,1000]:  0.00  
---------- Iteration number: 3000 ------------
[995,995]:  0.00  [996,996]:  0.00  [997,997]:  0.00  [998,998]:  0.00  [999,999]:  0.00  [1000,1000]:  0.00  
---------- Iteration number: 3100 ------------
[995,995]:  0.00  [996,996]:  0.00  [997,997]:  0.00  [998,998]:  0.00  [999,999]:  0.00  [1000,1000]:  0.00  
---------- Iteration number: 3200 ------------
[995,995]:  0.00  [996,996]:  0.00  [997,997]:  0.00  [998,998]:  0.00  [999,999]:  0.00  [1000,1000]:  0.00  
---------- Iteration number: 3300 ------------
[995,995]:  0.00  [996,996]:  0.00  [997,997]:  0.00  [998,998]:  0.00  [999,999]:  0.00  [1000,1000]:  0.00  

Max error at iteration 3372 was 0.009995
Total time was 2.174951 seconds.
